[2026-03-25T17:36:24Z] WORKFLOW STARTED
[2026-03-25T17:36:24Z] Login status: 200
[2026-03-25T17:36:24Z] Appliance ne_pk: 1.NE
[2026-03-25T17:36:24Z] SSH connectivity: True
[2026-03-25T17:36:24Z] WAN0 oper state: True
[2026-03-25T17:36:24Z] WAN loss=0.0, Zscaler loss=0.0

[2026-03-25T17:36:24Z] Critical=2, Warning=7

[2026-03-25T17:36:24Z] Tunnel found=passThrough_68

[2026-03-25T17:36:24Z] WORKFLOW FAILED AFTER LOGIN
[2026-03-25T17:36:24Z] WORKFLOW COMPLETED
[2026-03-25T18:04:55Z] WORKFLOW STARTED
[2026-03-25T18:04:55Z] Login status: 200
[2026-03-25T18:04:55Z] Appliance ne_pk: 1.NE
[2026-03-25T18:04:55Z] SSH connectivity: True
[2026-03-25T18:04:55Z] WAN0 oper state: True
[2026-03-25T18:04:55Z] WAN loss=0.0, Zscaler loss=0.0

[2026-03-25T18:04:55Z] Critical=2, Warning=7

[2026-03-25T18:04:55Z] Tunnel found=passThrough_68

[2026-03-25T18:04:55Z] WORKFLOW FAILED AFTER LOGIN
[2026-03-25T18:04:55Z] WORKFLOW COMPLETED
